<?xml version="1.0" encoding="UTF-8"?>
<!-- Generated by org.testng.reporters.JUnitReportReporter -->
<testsuite skipped="0" hostname="DESKTOP-GDLPROI" name="org.testng.Sample" tests="1" failures="0" timestamp="10 Oct 2022 12:35:47 GMT" time="0.008" errors="0">
  <testcase name="test9" time="0.008" classname="org.testng.Sample"/>
</testsuite> <!-- org.testng.Sample -->
